[    0.000000] Linux version 4.15.0-206-generic (buildd@lcy02-amd64-070) (gcc version 7.5.0 (Ubuntu 7.5.0-3ubuntu1~18.04)) #217-Ubuntu SMP Fri Feb 3 19:10:13 UTC 2023 (Ubuntu 4.15.0-206.217-generic 4.15.18)
[    0.000000] Command line: BOOT_IMAGE=/boot/vmlinuz-4.15.0-206-generic root=LABEL=cloudimg-rootfs ro console=tty1 console=ttyS0
[    0.000000] KERNEL supported cpus:
[    0.000000]   Intel GenuineIntel
[    0.000000]   AMD AuthenticAMD
[    0.000000]   Centaur CentaurHauls
[    0.000000] x86/fpu: Supporting XSAVE feature 0x001: 'x87 floating point registers'
[    0.000000] x86/fpu: Supporting XSAVE feature 0x002: 'SSE registers'
[    0.000000] x86/fpu: Supporting XSAVE feature 0x004: 'AVX registers'
[    0.000000] x86/fpu: xstate_offset[2]:  576, xstate_sizes[2]:  256
[    0.000000] x86/fpu: Enabled xstate features 0x7, context size is 832 bytes, using 'standard' format.
[    0.000000] e820: BIOS-provided physical RAM map:
[    0.000000] BIOS-e820: [mem 0x0000000000000000-0x000000000009fbff] usable
[    0.000000] BIOS-e820: [mem 0x000000000009fc00-0x000000000009ffff] reserved
[    0.000000] BIOS-e820: [mem 0x00000000000f0000-0x00000000000fffff] reserved
[    0.000000] BIOS-e820: [mem 0x0000000000100000-0x000000007ffeffff] usable
[    0.000000] BIOS-e820: [mem 0x000000007fff0000-0x000000007fffffff] ACPI data
[    0.000000] BIOS-e820: [mem 0x00000000fec00000-0x00000000fec00fff] reserved
[    0.000000] BIOS-e820: [mem 0x00000000fee00000-0x00000000fee00fff] reserved
[    0.000000] BIOS-e820: [mem 0x00000000fffc0000-0x00000000ffffffff] reserved
[    0.000000] NX (Execute Disable) protection: active
[    0.000000] SMBIOS 2.5 present.
[    0.000000] DMI: innotek GmbH VirtualBox/VirtualBox, BIOS VirtualBox 12/01/2006
[    0.000000] Hypervisor detected: KVM
[    0.000000] e820: last_pfn = 0x7fff0 max_arch_pfn = 0x400000000
[    0.000000] MTRR: Disabled
[    0.000000] x86/PAT: MTRRs disabled, skipping PAT initialization too.
[    0.000000] CPU MTRRs all blank - virtualized system.
[    0.000000] x86/PAT: Configuration [0-7]: WB  WT  UC- UC  WB  WT  UC- UC  
[    0.000000] found SMP MP-table at [mem 0x0009fff0-0x0009ffff]
[    0.000000] Scanning 1 areas for low memory corruption
[    0.000000] RAMDISK: [mem 0x359c9000-0x36cdbfff]
[    0.000000] ACPI: Early table checksum verification disabled
[    0.000000] ACPI: RSDP 0x00000000000E0000 000024 (v02 VBOX  )
[    0.000000] ACPI: XSDT 0x000000007FFF0030 00003C (v01 VBOX   VBOXXSDT 00000001 ASL  00000061)
[    0.000000] ACPI: FACP 0x000000007FFF00F0 0000F4 (v04 VBOX   VBOXFACP 00000001 ASL  00000061)
[    0.000000] ACPI: DSDT 0x000000007FFF0470 002325 (v02 VBOX   VBOXBIOS 00000002 INTL 20200925)
[    0.000000] ACPI: FACS 0x000000007FFF0200 000040
[    0.000000] ACPI: FACS 0x000000007FFF0200 000040
[    0.000000] ACPI: APIC 0x000000007FFF0240 00005C (v02 VBOX   VBOXAPIC 00000001 ASL  00000061)
[    0.000000] ACPI: SSDT 0x000000007FFF02A0 0001CC (v01 VBOX   VBOXCPUT 00000002 INTL 20200925)
[    0.000000] ACPI: Reserving FACP table memory at [mem 0x7fff00f0-0x7fff01e3]
[    0.000000] ACPI: Reserving DSDT table memory at [mem 0x7fff0470-0x7fff2794]
[    0.000000] ACPI: Reserving FACS table memory at [mem 0x7fff0200-0x7fff023f]
[    0.000000] ACPI: Reserving FACS table memory at [mem 0x7fff0200-0x7fff023f]
[    0.000000] ACPI: Reserving APIC table memory at [mem 0x7fff0240-0x7fff029b]
[    0.000000] ACPI: Reserving SSDT table memory at [mem 0x7fff02a0-0x7fff046b]
[    0.000000] No NUMA configuration found
[    0.000000] Faking a node at [mem 0x0000000000000000-0x000000007ffeffff]
[    0.000000] NODE_DATA(0) allocated [mem 0x7ffc5000-0x7ffeffff]
[    0.000000] kvm-clock: cpu 0, msr 0:7ff44001, primary cpu clock
[    0.000000] kvm-clock: Using msrs 4b564d01 and 4b564d00
[    0.000000] kvm-clock: using sched offset of 3551464505 cycles
[    0.000000] clocksource: kvm-clock: mask: 0xffffffffffffffff max_cycles: 0x1cd42e4dffb, max_idle_ns: 881590591483 ns
[    0.000000] Zone ranges:
[    0.000000]   DMA      [mem 0x0000000000001000-0x0000000000ffffff]
[    0.000000]   DMA32    [mem 0x0000000001000000-0x000000007ffeffff]
[    0.000000]   Normal   empty
[    0.000000]   Device   empty
[    0.000000] Movable zone start for each node
[    0.000000] Early memory node ranges
[    0.000000]   node   0: [mem 0x0000000000001000-0x000000000009efff]
[    0.000000]   node   0: [mem 0x0000000000100000-0x000000007ffeffff]
[    0.000000] Reserved but unavailable: 104 pages
[    0.000000] Initmem setup node 0 [mem 0x0000000000001000-0x000000007ffeffff]
[    0.000000] ACPI: PM-Timer IO Port: 0x4008
[    0.000000] IOAPIC[0]: apic_id 2, version 32, address 0xfec00000, GSI 0-23
[    0.000000] ACPI: INT_SRC_OVR (bus 0 bus_irq 0 global_irq 2 dfl dfl)
[    0.000000] ACPI: INT_SRC_OVR (bus 0 bus_irq 9 global_irq 9 low level)
[    0.000000] Using ACPI (MADT) for SMP configuration information
[    0.000000] smpboot: Allowing 2 CPUs, 0 hotplug CPUs
[    0.000000] PM: Registered nosave memory: [mem 0x00000000-0x00000fff]
[    0.000000] PM: Registered nosave memory: [mem 0x0009f000-0x0009ffff]
[    0.000000] PM: Registered nosave memory: [mem 0x000a0000-0x000effff]
[    0.000000] PM: Registered nosave memory: [mem 0x000f0000-0x000fffff]
[    0.000000] e820: [mem 0x80000000-0xfebfffff] available for PCI devices
[    0.000000] Booting paravirtualized kernel on KVM
[    0.000000] clocksource: refined-jiffies: mask: 0xffffffff max_cycles: 0xffffffff, max_idle_ns: 7645519600211568 ns
[    0.000000] setup_percpu: NR_CPUS:8192 nr_cpumask_bits:2 nr_cpu_ids:2 nr_node_ids:1
[    0.000000] percpu: Embedded 50 pages/cpu s167936 r8192 d28672 u1048576
[    0.000000] PV qspinlock hash table entries: 256 (order: 0, 4096 bytes)
[    0.000000] Built 1 zonelists, mobility grouping on.  Total pages: 515961
[    0.000000] Policy zone: DMA32
[    0.000000] Kernel command line: BOOT_IMAGE=/boot/vmlinuz-4.15.0-206-generic root=LABEL=cloudimg-rootfs ro console=tty1 console=ttyS0
[    0.000000] Memory: 2014832K/2096696K available (12300K kernel code, 2477K rwdata, 4324K rodata, 2480K init, 2720K bss, 81864K reserved, 0K cma-reserved)
[    0.000000] SLUB: HWalign=64, Order=0-3, MinObjects=0, CPUs=2, Nodes=1
[    0.000000] Kernel/User page tables isolation: enabled
[    0.000000] ftrace: allocating 39485 entries in 155 pages
[    0.004000] Hierarchical RCU implementation.
[    0.004000] 	RCU restricting CPUs from NR_CPUS=8192 to nr_cpu_ids=2.
[    0.004000] 	Tasks RCU enabled.
[    0.004000] RCU: Adjusting geometry for rcu_fanout_leaf=16, nr_cpu_ids=2
[    0.004000] NR_IRQS: 524544, nr_irqs: 440, preallocated irqs: 16
[    0.004000] random: crng init done
[    0.004000] Console: colour VGA+ 80x25
[    0.004000] console [tty1] enabled
[    0.004000] console [ttyS0] enabled
[    0.004000] ACPI: Core revision 20170831
[    0.004000] ACPI: 2 ACPI AML tables successfully acquired and loaded
[    0.004000] APIC: Switch to symmetric I/O mode setup
[    0.004000] x2apic enabled
[    0.004000] Switched APIC routing to physical x2apic.
[    0.005992] ..TIMER: vector=0x30 apic1=0 pin1=2 apic2=-1 pin2=-1
[    0.008004] tsc: Detected 2111.998 MHz processor
[    0.009325] Calibrating delay loop (skipped) preset value.. 4223.99 BogoMIPS (lpj=8447992)
[    0.010197] pid_max: default: 32768 minimum: 301
[    0.012036] Security Framework initialized
[    0.013284] Yama: becoming mindful.
[    0.014472] AppArmor: AppArmor initialized
[    0.017127] Dentry cache hash table entries: 262144 (order: 9, 2097152 bytes)
[    0.020053] Inode-cache hash table entries: 131072 (order: 8, 1048576 bytes)
[    0.021876] Mount-cache hash table entries: 4096 (order: 3, 32768 bytes)
[    0.024007] Mountpoint-cache hash table entries: 4096 (order: 3, 32768 bytes)
[    0.026311] Last level iTLB entries: 4KB 64, 2MB 8, 4MB 8
[    0.028002] Last level dTLB entries: 4KB 64, 2MB 0, 4MB 0, 1GB 4
[    0.029499] Spectre V1 : Mitigation: usercopy/swapgs barriers and __user pointer sanitization
[    0.031668] Spectre V2 : Mitigation: Retpolines
[    0.032002] Spectre V2 : Spectre v2 / SpectreRSB mitigation: Filling RSB on context switch
[    0.034226] Spectre V2 : Spectre v2 / SpectreRSB : Filling RSB on VMEXIT
[    0.036002] RETBleed: WARNING: Spectre v2 mitigation leaves CPU vulnerable to RETBleed attacks, data leaks possible!
[    0.038638] RETBleed: Vulnerable
[    0.040002] Speculative Store Bypass: Vulnerable
[    0.041374] MDS: Mitigation: Clear CPU buffers
[    0.042652] MMIO Stale Data: Mitigation: Clear CPU buffers
[    0.044004] SRBDS: Unknown: Dependent on hypervisor status
[    0.045764] Freeing SMP alternatives memory: 36K
[    0.159030] smpboot: CPU0: Intel(R) Core(TM) i7-8650U CPU @ 1.90GHz (family: 0x6, model: 0x8e, stepping: 0xa)
[    0.160000] Performance Events: unsupported p6 CPU model 142 no PMU driver, software events only.
[    0.160043] Hierarchical SRCU implementation.
[    0.162020] NMI watchdog: Perf event create on CPU 0 failed with -2
[    0.164002] NMI watchdog: Perf NMI watchdog permanently disabled
[    0.165535] smp: Bringing up secondary CPUs ...
[    0.166807] x86: Booting SMP configuration:
[    0.168002] .... node  #0, CPUs:      #1
[    0.004000] kvm-clock: cpu 1, msr 0:7ff44041, secondary cpu clock
[    0.174534] smp: Brought up 1 node, 2 CPUs
[    0.174534] smpboot: Max logical packages: 1
[    0.176006] smpboot: Total of 2 processors activated (8447.99 BogoMIPS)
[    0.178013] devtmpfs: initialized
[    0.180059] x86/mm: Memory block size: 128MB
[    0.181452] evm: security.selinux
[    0.182438] evm: security.SMACK64
[    0.183468] evm: security.SMACK64EXEC
[    0.184003] evm: security.SMACK64TRANSMUTE
[    0.185052] evm: security.SMACK64MMAP
[    0.185960] evm: security.apparmor
[    0.186883] evm: security.ima
[    0.188003] evm: security.capability
[    0.189013] clocksource: jiffies: mask: 0xffffffff max_cycles: 0xffffffff, max_idle_ns: 7645041785100000 ns
[    0.190473] futex hash table entries: 512 (order: 3, 32768 bytes)
[    0.192044] pinctrl core: initialized pinctrl subsystem
[    0.193537] RTC time: 19:27:46, date: 03/27/23
[    0.196150] NET: Registered protocol family 16
[    0.197488] audit: initializing netlink subsys (disabled)
[    0.198954] audit: type=2000 audit(1679945271.260:1): state=initialized audit_enabled=0 res=1
[    0.200010] cpuidle: using governor ladder
[    0.201170] cpuidle: using governor menu
[    0.204040] ACPI: bus type PCI registered
[    0.205139] acpiphp: ACPI Hot Plug PCI Controller Driver version: 0.5
[    0.206873] PCI: Using configuration type 1 for base access
[    0.209245] HugeTLB registered 2.00 MiB page size, pre-allocated 0 pages
[    0.212072] ACPI: Added _OSI(Module Device)
[    0.213241] ACPI: Added _OSI(Processor Device)
[    0.214461] ACPI: Added _OSI(3.0 _SCP Extensions)
[    0.216003] ACPI: Added _OSI(Processor Aggregator Device)
[    0.217371] ACPI: Added _OSI(Linux-Dell-Video)
[    0.218685] ACPI: Added _OSI(Linux-Lenovo-NV-HDMI-Audio)
[    0.220011] ACPI: Added _OSI(Linux-HPI-Hybrid-Graphics)
[    0.221793] ACPI: Executed 1 blocks of module-level executable AML code
[    0.229393] ACPI: Interpreter enabled
[    0.230489] ACPI: (supports S0 S5)
[    0.231625] ACPI: Using IOAPIC for interrupt routing
[    0.232350] PCI: Using host bridge windows from ACPI; if necessary, use "pci=nocrs" and report a bug
[    0.234926] ACPI: Enabled 2 GPEs in block 00 to 07
[    0.245237] ACPI: PCI Root Bridge [PCI0] (domain 0000 [bus 00-ff])
[    0.246945] acpi PNP0A03:00: _OSC: OS supports [ASPM ClockPM Segments MSI]
[    0.248572] acpi PNP0A03:00: _OSC: not requesting OS control; OS requires [ExtendedConfig ASPM ClockPM MSI]
[    0.252015] acpi PNP0A03:00: fail to add MMCONFIG information, can't access extended PCI configuration space under this bridge.
[    0.255785] PCI host bridge to bus 0000:00
[    0.256004] pci_bus 0000:00: root bus resource [io  0x0000-0x0cf7 window]
[    0.260003] pci_bus 0000:00: root bus resource [io  0x0d00-0xffff window]
[    0.261678] pci_bus 0000:00: root bus resource [mem 0x000a0000-0x000bffff window]
[    0.263629] pci_bus 0000:00: root bus resource [mem 0x80000000-0xfdffffff window]
[    0.264003] pci_bus 0000:00: root bus resource [bus 00-ff]
[    0.269519] pci 0000:00:01.1: legacy IDE quirk: reg 0x10: [io  0x01f0-0x01f7]
[    0.271476] pci 0000:00:01.1: legacy IDE quirk: reg 0x14: [io  0x03f6]
[    0.272003] pci 0000:00:01.1: legacy IDE quirk: reg 0x18: [io  0x0170-0x0177]
[    0.273844] pci 0000:00:01.1: legacy IDE quirk: reg 0x1c: [io  0x0376]
[    0.296863] pci 0000:00:07.0: quirk: [io  0x4000-0x403f] claimed by PIIX4 ACPI
[    0.298918] pci 0000:00:07.0: quirk: [io  0x4100-0x410f] claimed by PIIX4 SMB
[    0.313332] ACPI: PCI Interrupt Link [LNKA] (IRQs 5 9 10 *11)
[    0.315714] ACPI: PCI Interrupt Link [LNKB] (IRQs 5 9 *10 11)
[    0.316154] ACPI: PCI Interrupt Link [LNKC] (IRQs 5 *9 10 11)
[    0.317974] ACPI: PCI Interrupt Link [LNKD] (IRQs 5 9 10 *11)
[    0.320500] SCSI subsystem initialized
[    0.321615] pci 0000:00:02.0: vgaarb: setting as boot VGA device
[    0.321615] pci 0000:00:02.0: vgaarb: VGA device added: decodes=io+mem,owns=io+mem,locks=none
[    0.324011] pci 0000:00:02.0: vgaarb: bridge control possible
[    0.325500] vgaarb: loaded
[    0.328036] ACPI: bus type USB registered
[    0.329201] usbcore: registered new interface driver usbfs
[    0.330772] usbcore: registered new interface driver hub
[    0.332009] usbcore: registered new device driver usb
[    0.333544] EDAC MC: Ver: 3.0.0
[    0.336055] PCI: Using ACPI for IRQ routing
[    0.337655] NetLabel: Initializing
[    0.338704] NetLabel:  domain hash size = 128
[    0.339854] NetLabel:  protocols = UNLABELED CIPSOv4 CALIPSO
[    0.340027] NetLabel:  unlabeled traffic allowed by default
[    0.341509] clocksource: Switched to clocksource kvm-clock
[    0.352884] VFS: Disk quotas dquot_6.6.0
[    0.354253] VFS: Dquot-cache hash table entries: 512 (order 0, 4096 bytes)
[    0.356123] AppArmor: AppArmor Filesystem Enabled
[    0.357879] pnp: PnP ACPI init
[    0.360311] pnp: PnP ACPI: found 3 devices
[    0.370653] clocksource: acpi_pm: mask: 0xffffff max_cycles: 0xffffff, max_idle_ns: 2085701024 ns
[    0.373332] NET: Registered protocol family 2
[    0.374561] IP idents hash table entries: 32768 (order: 6, 262144 bytes)
[    0.376492] TCP established hash table entries: 16384 (order: 5, 131072 bytes)
[    0.378256] TCP bind hash table entries: 16384 (order: 6, 262144 bytes)
[    0.380608] TCP: Hash tables configured (established 16384 bind 16384)
[    0.382304] UDP hash table entries: 1024 (order: 3, 32768 bytes)
[    0.383949] UDP-Lite hash table entries: 1024 (order: 3, 32768 bytes)
[    0.385760] NET: Registered protocol family 1
[    0.387000] pci 0000:00:00.0: Limiting direct PCI/PCI transfers
[    0.388545] pci 0000:00:01.0: Activating ISA DMA hang workarounds
[    0.390087] pci 0000:00:02.0: Video device with shadowed ROM at [mem 0x000c0000-0x000dffff]
[    0.392326] Unpacking initramfs...
[    0.699833] Freeing initrd memory: 19532K
[    0.701187] clocksource: tsc: mask: 0xffffffffffffffff max_cycles: 0x1e71768ef8b, max_idle_ns: 440795218977 ns
[    0.703784] platform rtc_cmos: registered platform RTC device (no PNP device found)
[    0.705812] Scanning for low memory corruption every 60 seconds
[    0.708052] Initialise system trusted keyrings
[    0.709273] Key type blacklist registered
[    0.710484] workingset: timestamp_bits=36 max_order=19 bucket_order=0
[    0.713348] zbud: loaded
[    0.714795] squashfs: version 4.0 (2009/01/31) Phillip Lougher
[    0.716565] fuse init (API version 7.26)
[    0.719697] Key type asymmetric registered
[    0.720906] Asymmetric key parser 'x509' registered
[    0.722287] Block layer SCSI generic (bsg) driver version 0.4 loaded (major 246)
[    0.724446] io scheduler noop registered
[    0.725625] io scheduler deadline registered
[    0.726951] io scheduler cfq registered (default)
[    0.728605] ACPI: AC Adapter [AC] (off-line)
[    0.729952] input: Power Button as /devices/LNXSYSTM:00/LNXPWRBN:00/input/input0
[    0.732239] ACPI: Power Button [PWRF]
[    0.733494] input: Sleep Button as /devices/LNXSYSTM:00/LNXSLPBN:00/input/input1
[    0.735721] ACPI: Sleep Button [SLPF]
[    0.738265] ACPI: Battery Slot [BAT0] (battery present)
[    0.739934] Serial: 8250/16550 driver, 32 ports, IRQ sharing enabled
[    0.762596] 00:02: ttyS0 at I/O 0x3f8 (irq = 4, base_baud = 115200) is a 16550A
[    0.767351] Linux agpgart interface v0.103
[    0.770101] loop: module loaded
[    0.771667] scsi host0: ata_piix
[    0.772724] scsi host1: ata_piix
[    0.773647] ata1: PATA max UDMA/33 cmd 0x1f0 ctl 0x3f6 bmdma 0xd000 irq 14
[    0.775389] ata2: PATA max UDMA/33 cmd 0x170 ctl 0x376 bmdma 0xd008 irq 15
[    0.777153] tun: Universal TUN/TAP device driver, 1.6
[    0.778589] PPP generic driver version 2.4.2
[    0.779907] ehci_hcd: USB 2.0 'Enhanced' Host Controller (EHCI) Driver
[    0.781700] ehci-pci: EHCI PCI platform driver
[    0.782985] ehci-platform: EHCI generic platform driver
[    0.784434] ohci_hcd: USB 1.1 'Open' Host Controller (OHCI) Driver
[    0.785983] ohci-pci: OHCI PCI platform driver
[    0.787201] ohci-platform: OHCI generic platform driver
[    0.788544] uhci_hcd: USB Universal Host Controller Interface driver
[    0.790122] i8042: PNP: PS/2 Controller [PNP0303:PS2K,PNP0f03:PS2M] at 0x60,0x64 irq 1,12
[    0.792878] serio: i8042 KBD port at 0x60,0x64 irq 1
[    0.794152] serio: i8042 AUX port at 0x60,0x64 irq 12
[    0.795832] mousedev: PS/2 mouse device common for all mice
[    0.798210] input: AT Translated Set 2 keyboard as /devices/platform/i8042/serio0/input/input2
[    0.800570] rtc_cmos rtc_cmos: rtc core: registered rtc_cmos as rtc0
[    0.802464] rtc_cmos rtc_cmos: alarms up to one day, 114 bytes nvram
[    0.804292] i2c /dev entries driver
[    0.805388] device-mapper: uevent: version 1.0.3
[    0.806907] device-mapper: ioctl: 4.37.0-ioctl (2017-09-20) initialised: dm-devel@redhat.com
[    0.809246] ledtrig-cpu: registered to indicate activity on CPUs
[    0.811339] NET: Registered protocol family 10
[    0.817964] Segment Routing with IPv6
[    0.819155] NET: Registered protocol family 17
[    0.820641] Key type dns_resolver registered
[    0.822242] mce: Using 0 MCE banks
[    0.823243] RAS: Correctable Errors collector initialized.
[    0.824708] sched_clock: Marking stable (824677328, 0)->(1098508932, -273831604)
[    0.827903] registered taskstats version 1
[    0.830634] Loading compiled-in X.509 certificates
[    0.835157] Loaded X.509 cert 'Build time autogenerated kernel key: 4d405f87ce750406625b929cd2e51cc76ab5bcf4'
[    0.838654] Loaded X.509 cert 'Canonical Ltd. Live Patch Signing: 14df34d1a87cf37625abec039ef2bf521249b969'
[    0.841811] Loaded X.509 cert 'Canonical Ltd. Kernel Module Signing: 88f752e560a1e0737e31163a466ad7b70a850c19'
[    0.844194] blacklist: Loading compiled-in revocation X.509 certificates
[    0.845787] Loaded X.509 cert 'Canonical Ltd. Secure Boot Signing: 61482aa2830d0ab2ad5af10b7250da9033ddcef0'
[    0.848256] Loaded X.509 cert 'Canonical Ltd. Secure Boot Signing (2017): 242ade75ac4a15e50d50c84b0d45ff3eae707a03'
[    0.850850] Loaded X.509 cert 'Canonical Ltd. Secure Boot Signing (ESM 2018): 365188c1d374d6b07c3c8f240f8ef722433d6a8b'
[    0.853444] Loaded X.509 cert 'Canonical Ltd. Secure Boot Signing (2019): c0746fd6c5da3ae827864651ad66ae47fe24b3e8'
[    0.855941] Loaded X.509 cert 'Canonical Ltd. Secure Boot Signing (2021 v1): a8d54bbb3825cfb94fa13c9f8a594a195c107b8d'
[    0.858639] Loaded X.509 cert 'Canonical Ltd. Secure Boot Signing (2021 v2): 4cf046892d6fd3c9a5b03f98d845f90851dc6a8c'
[    0.861297] Loaded X.509 cert 'Canonical Ltd. Secure Boot Signing (2021 v3): 100437bb6de6e469b581e61cd66bce3ef4ed53af'
[    0.863954] Loaded X.509 cert 'Canonical Ltd. Secure Boot Signing (Ubuntu Core 2019): c1d57b8f6b743f23ee41f4f7ee292f06eecadfb9'
[    0.866850] zswap: loaded using pool lzo/zbud
[    0.872718] Key type big_key registered
[    0.873993] Key type trusted registered
[    0.877688] Key type encrypted registered
[    0.879408] AppArmor: AppArmor sha1 policy hashing enabled
[    0.881235] ima: No TPM chip found, activating TPM-bypass! (rc=-19)
[    0.883165] ima: Allocated hash algorithm: sha1
[    0.884740] evm: HMAC attrs: 0x1
[    0.886193]   Magic number: 15:951:496
[    0.887581] rtc_cmos rtc_cmos: setting system clock to 2023-03-27 19:27:46 UTC (1679945266)
[    0.890479] BIOS EDD facility v0.16 2004-Jun-25, 0 devices found
[    0.894269] EDD information not available.
[    0.968275] Freeing unused kernel image memory: 2480K
[    1.152532] Write protecting the kernel read-only data: 20480k
[    1.159005] Freeing unused kernel image memory: 2008K
[    1.163576] Freeing unused kernel image memory: 1820K
[    1.189531] x86/mm: Checked W+X mappings: passed, no W+X pages found.
[    1.191977] x86/mm: Checking user space page tables
[    1.204230] x86/mm: Checked W+X mappings: passed, no W+X pages found.
Loading, please wait...
starting version 237
[    1.300851] Fusion MPT base driver 3.04.20
[    1.302424] Copyright (c) 1999-2008 LSI Corporation
[    1.327326] e1000: Intel(R) PRO/1000 Network Driver - version 7.3.21-k8-NAPI
[    1.330117] e1000: Copyright (c) 1999-2006 Intel Corporation.
[    1.338055] AVX2 version of gcm_enc/dec engaged.
[    1.339662] AES CTR mode by8 optimization enabled
[    1.344375] Fusion MPT SPI Host driver 3.04.20
[    1.514185] input: ImExPS/2 Generic Explorer Mouse as /devices/platform/i8042/serio1/input/input4
[    1.747265] e1000 0000:00:03.0 eth0: (PCI:33MHz:32-bit) 02:68:0a:01:d2:87
[    1.749977] e1000 0000:00:03.0 eth0: Intel(R) PRO/1000 Network Connection
[    1.753818] mptbase: ioc0: Initiating bringup
[    1.857406] ioc0: LSI53C1030 A0: Capabilities={Initiator}
[    2.102967] scsi host2: ioc0: LSI53C1030 A0, FwRev=00000000h, Ports=1, MaxQ=256, IRQ=20
[    2.274579] scsi 2:0:0:0: Direct-Access     VBOX     HARDDISK         1.0  PQ: 0 ANSI: 5
[    2.348062] scsi target2:0:0: Beginning Domain Validation
[    2.353640] scsi target2:0:0: Domain Validation skipping write tests
[    2.356318] scsi target2:0:0: Ending Domain Validation
[    2.358235] scsi target2:0:0: asynchronous
[    2.360597] scsi 2:0:1:0: Direct-Access     VBOX     HARDDISK         1.0  PQ: 0 ANSI: 5
[    2.671913] scsi target2:0:1: Beginning Domain Validation
[    2.675707] scsi target2:0:1: Domain Validation skipping write tests
[    2.677955] scsi target2:0:1: Ending Domain Validation
[    2.679962] scsi target2:0:1: asynchronous
[    2.690235] sd 2:0:0:0: [sda] 83886080 512-byte logical blocks: (42.9 GB/40.0 GiB)
[    2.690374] sd 2:0:0:0: Attached scsi generic sg0 type 0
[    2.692770] e1000 0000:00:08.0 eth1: (PCI:33MHz:32-bit) 08:00:27:4a:f5:28
[    2.696132] e1000 0000:00:08.0 eth1: Intel(R) PRO/1000 Network Connection
[    2.698027] sd 2:0:0:0: [sda] Write Protect is off
[    2.700008] sd 2:0:1:0: Attached scsi generic sg1 type 0
[    2.700041] sd 2:0:0:0: [sda] Incomplete mode parameter data
[    2.703188] sd 2:0:0:0: [sda] Assuming drive cache: write through
[    2.705076] sd 2:0:1:0: [sdb] 20480 512-byte logical blocks: (10.5 MB/10.0 MiB)
[    2.707482] sd 2:0:1:0: [sdb] Write Protect is off
[    2.709223] sd 2:0:1:0: [sdb] Incomplete mode parameter data
[    2.710873] sd 2:0:1:0: [sdb] Assuming drive cache: write through
[    2.721522]  sda: sda1
[    2.724454] sd 2:0:0:0: [sda] Attached SCSI disk
[    2.726059] sd 2:0:1:0: [sdb] Attached SCSI disk
[    2.728764] e1000 0000:00:03.0 enp0s3: renamed from eth0
[    2.748569] e1000 0000:00:08.0 enp0s8: renamed from eth1
Begin: Loading essential drivers ... [    4.532774] raid6: sse2x1   gen()  9774 MB/s
[    4.588278] raid6: sse2x1   xor()  8729 MB/s
[    4.636547] raid6: sse2x2   gen() 14221 MB/s
[    4.696535] raid6: sse2x2   xor() 11323 MB/s
[    4.755614] raid6: sse2x4   gen() 18563 MB/s
[    4.816115] raid6: sse2x4   xor() 11707 MB/s
[    4.879317] raid6: avx2x1   gen() 29033 MB/s
[    4.940192] raid6: avx2x1   xor() 18816 MB/s
[    4.996296] raid6: avx2x2   gen() 29999 MB/s
[    5.055685] raid6: avx2x2   xor()  8007 MB/s
[    5.116576] raid6: avx2x4   gen() 32366 MB/s
[    5.165657] raid6: avx2x4   xor() 18225 MB/s
[    5.167212] raid6: using algorithm avx2x4 gen() 32366 MB/s
[    5.168898] raid6: .... xor() 18225 MB/s, rmw enabled
[    5.170294] raid6: using avx2x2 recovery algorithm
[    5.172914] xor: automatically using best checksumming function   avx       
[    5.175904] async_tx: api initialized (async)
done.
Begin: Running /scripts/init-premount ... done.
Begin: Mounting root file system ... Begin: Running /scripts/local-top ... done.
Begin: Running /scripts/local-premount ... [    5.236900] Btrfs loaded, crc32c=crc32c-intel
Scanning for Btrfs filesystems
done.
Warning: fsck not present, so skipping root file system
[    5.282675] EXT4-fs (sda1): mounted filesystem with ordered data mode. Opts: (null)
done.
Begin: Running /scripts/local-bottom ... done.
Begin: Running /scripts/init-bottom ... done.
[    5.504758] ip_tables: (C) 2000-2006 Netfilter Core Team
[    5.516063] systemd[1]: systemd 237 running in system mode. (+PAM +AUDIT +SELINUX +IMA +APPARMOR +SMACK +SYSVINIT +UTMP +LIBCRYPTSETUP +GCRYPT +GNUTLS +ACL +XZ +LZ4 +SECCOMP +BLKID +ELFUTILS +KMOD -IDN2 +IDN -PCRE2 default-hierarchy=hybrid)
[    5.522589] systemd[1]: Detected virtualization oracle.
[    5.524697] systemd[1]: Detected architecture x86-64.

Welcome to [1mUbuntu 18.04.6 LTS[0m!

[    5.533404] systemd[1]: Set hostname to <ubuntu>.
[    5.536562] systemd[1]: Initializing machine ID from random generator.
[    5.538377] systemd[1]: Installed transient /etc/machine-id file.
[    6.023314] systemd[1]: Created slice User and Session Slice.
[[0;32m  OK  [0m] Created slice User and Session Slice.
[    6.026177] systemd[1]: Reached target User and Group Name Lookups.
[[0;32m  OK  [0m] Reached target User and Group Name Lookups.
[    6.029566] systemd[1]: Created slice System Slice.
[[0;32m  OK  [0m] Created slice System Slice.
[    6.031984] systemd[1]: Listening on LVM2 poll daemon socket.
[[0;32m  OK  [0m] Listening on LVM2 poll daemon socket.
[[0;32m  OK  [0m] Listening on fsck to fsckd communication Socket.
[[0;32m  OK  [0m] Listening on udev Control Socket.
[[0;32m  OK  [0m] Listening on LVM2 metadata daemon socket.
[[0;32m  OK  [0m] Reached target Swap.
[[0;32m  OK  [0m] Listening on /dev/initctl Compatibility Named Pipe.
[[0;32m  OK  [0m] Listening on Device-mapper event daemon FIFOs.
[[0;32m  OK  [0m] Listening on Journal Socket.
         Mounting Kernel Debug File System...
         Starting Monitoring of LVM2 mirrors…ng dmeventd or progress polling...
         Starting Uncomplicated firewall...
         Starting File System Check on Root Device...
[[0;32m  OK  [0m] Started Forward Password Requests to Wall Directory Watch.
         Starting Load Kernel Modules...
[[0;32m  OK  [0m] Listening on udev Kernel Socket.
         Starting Set the console keyboard layout...
         Starting Create list of required st…ce nodes for the current kernel...
[[0;32m  OK  [0m] Listening on Syslog Socket.
[[0;32m  OK  [0m] Listening on Journal Socket (/dev/log).
[[0;32m  OK  [0m] Created slice system-serial\x2dgetty.slice.
[[0;32m  OK  [0m] Listening on Network Service Netlink Socket.
[[0;32m  OK  [0m] Reached target Slices.
[[0;32m  OK  [0m] Listening on Journal Audit Socket.
[[0;32m  OK  [0m] Reached target System Time Synchronized.
         Mounting Huge Pages File System...
[[0;32m  OK  [0m] Reached target Mounting snaps.
[[0;32m  OK  [0m] Reached target Mounted snaps.
         Starting udev Coldplug all Devices...
[[0;32m  OK  [0m] Set up automount Arbitrary Executab…rmats File System Automount Point.
[    6.102415] Loading iSCSI transport class v2.0-870.
[    6.110100] iscsi: registered transport (tcp)
         Mounting POSIX Message Queue File System...
         Starting Journal Service...
[[0;32m  OK  [0m] Mounted Kernel Debug File System.
[[0;32m  OK  [0m] Started Uncomplicated firewall.
[[0;32m  OK  [0m] Started Create list of required sta…vice nodes for the current kernel.
[[0;32m  OK  [0m] Mounted Huge Pages File System.
[[0;32m  OK  [0m] Mounted POSIX Message Queue File System.
[[0;32m  OK  [0m] Started File System Check Daemon to report status.
         Starting Create Static Device Nodes in /dev...
[[0;32m  OK  [0m] Started File System Check on Root Device.
         Starting Remount Root and Kernel File Systems...
[[0;32m  OK  [0m] Started LVM2 metadata daemon.
[    6.214400] iscsi: registered transport (iser)
[[0;32m  OK  [0m] Started Load Kernel Modules.
         Mounting Kernel Configuration File System...
         Mounting FUSE Control File System...
         Starting Apply Kernel Variables...
[[0;32m  OK  [0m] Mounted FUSE Control File System.
[[0;32m  OK  [0m] Mounted Kernel Configuration File System.
[[0;32m  OK  [0m] Started udev Coldplug all Devices.
[[0;32m  OK  [0m] Started Journal Service.
[[0;32m  OK  [0m] Started Create Static Device Nodes in /dev.
[[0;32m  OK  [0m] Started Remount Root and Kernel File Systems.
         Starting Load/Save Random Seed...
         Starting udev Kernel Device Manager...
         Starting Flush Journal to Persistent Storage...
[[0;32m  OK  [0m] Started Monitoring of LVM2 mirrors,…sing dmeventd or progress polling.
[[0;32m  OK  [0m] Started Apply Kernel Variables.
[[0;32m  OK  [0m] Started Load/Save Random Seed.
[[0;32m  OK  [0m] Started udev Kernel Device Manager.
[[0;32m  OK  [0m] Started Flush Journal to Persistent Storage.
[[0;32m  OK  [0m] Found device /dev/ttyS0.
[[0;32m  OK  [0m] Listening on Load/Save RF Kill Switch Status /dev/rfkill Watch.
         Mounting Arbitrary Executable File Formats File System...
[[0;32m  OK  [0m] Mounted Arbitrary Executable File Formats File System.
[[0;32m  OK  [0m] Started Set the console keyboard layout.
[[0;32m  OK  [0m] Reached target Local File Systems (Pre).
[[0;32m  OK  [0m] Reached target Local File Systems.
         Starting ebtables ruleset management...
         Starting AppArmor initialization...
         Starting Commit a transient machine-id on disk...
         Starting Set console font and keymap...
         Starting Tell Plymouth To Write Out Runtime Data...
         Starting Create Volatile Files and Directories...
[[0;32m  OK  [0m] Started Dispatch Password Requests to Console Directory Watch.
[[0;32m  OK  [0m] Reached target Local Encrypted Volumes.
[[0;32m  OK  [0m] Started Set console font and keymap.
[[0;32m  OK  [0m] Started Tell Plymouth To Write Out Runtime Data.
[[0;32m  OK  [0m] Started Create Volatile Files and Directories.
         Starting Update UTMP about System Boot/Shutdown...
[[0;32m  OK  [0m] Started Update UTMP about System Boot/Shutdown.
[[0;32m  OK  [0m] Started Commit a transient machine-id on disk.
[[0;32m  OK  [0m] Started ebtables ruleset management.
[[0;32m  OK  [0m] Started AppArmor initialization.
         Starting Load AppArmor profiles managed internally by snapd...
         Starting Initial cloud-init job (pre-networking)...
[[0;32m  OK  [0m] Started Load AppArmor profiles managed internally by snapd.
[   11.036059] cloud-init[653]: Cloud-init v. 23.1.1-0ubuntu0~18.04.1 running 'init-local' at Mon, 27 Mar 2023 19:27:56 +0000. Up 10.56 seconds.
[[0;32m  OK  [0m] Started Initial cloud-init job (pre-networking).
[[0;32m  OK  [0m] Reached target Network (Pre).
         Starting Network Service...
[[0;32m  OK  [0m] Started Network Service.
         Starting Network Name Resolution...
         Starting Wait for Network to be Configured...
[[0;32m  OK  [0m] Started Network Name Resolution.
[[0;32m  OK  [0m] Reached target Host and Network Name Lookups.
[[0;32m  OK  [0m] Reached target Network.
[[0;32m  OK  [0m] Started Wait for Network to be Configured.
         Starting Initial cloud-init job (metadata service crawler)...
[   13.859927] cloud-init[758]: Cloud-init v. 23.1.1-0ubuntu0~18.04.1 running 'init' at Mon, 27 Mar 2023 19:27:59 +0000. Up 13.48 seconds.
[   13.864422] cloud-init[758]: ci-info: ++++++++++++++++++++++++++++++++++++++Net device info++++++++++++++++++++++++++++++++++++++
[   13.866711] cloud-init[758]: ci-info: +--------+-------+---------------------------+---------------+--------+-------------------+
[   13.869330] cloud-init[758]: ci-info: | Device |   Up  |          Address          |      Mask     | Scope  |     Hw-Address    |
[   13.872634] cloud-init[758]: ci-info: +--------+-------+---------------------------+---------------+--------+-------------------+
[   13.875228] cloud-init[758]: ci-info: | enp0s3 |  True |         10.0.2.15         | 255.255.255.0 | global | 02:68:0a:01:d2:87 |
[   13.878016] cloud-init[758]: ci-info: | enp0s3 |  True | fe80::68:aff:fe01:d287/64 |       .       |  link  | 02:68:0a:01:d2:87 |
[   13.880812] cloud-init[758]: ci-info: | enp0s8 | False |             .             |       .       |   .    | 08:00:27:4a:f5:28 |
[   13.883314] cloud-init[758]: ci-info: |   lo   |  True |         127.0.0.1         |   255.0.0.0   |  host  |         .         |
[   13.885963] cloud-init[758]: ci-info: |   lo   |  True |          ::1/128          |       .       |  host  |         .         |
[   13.888549] cloud-init[758]: ci-info: +--------+-------+---------------------------+---------------+--------+-------------------+
[   13.891427] cloud-init[758]: ci-info: ++++++++++++++++++++++++++++Route IPv4 info+++++++++++++++++++++++++++++
[   13.894032] cloud-init[758]: ci-info: +-------+-------------+----------+-----------------+-----------+-------+
[   13.896627] cloud-init[758]: ci-info: | Route | Destination | Gateway  |     Genmask     | Interface | Flags |
[   13.899203] cloud-init[758]: ci-info: +-------+-------------+----------+-----------------+-----------+-------+
[   13.901791] cloud-init[758]: ci-info: |   0   |   0.0.0.0   | 10.0.2.2 |     0.0.0.0     |   enp0s3  |   UG  |
[   13.904316] cloud-init[758]: ci-info: |   1   |   10.0.2.0  | 0.0.0.0  |  255.255.255.0  |   enp0s3  |   U   |
[   13.906933] cloud-init[758]: ci-info: |   2   |   10.0.2.2  | 0.0.0.0  | 255.255.255.255 |   enp0s3  |   UH  |
[   13.909524] cloud-init[758]: ci-info: +-------+-------------+----------+-----------------+-----------+-------+
[   13.912030] cloud-init[758]: ci-info: +++++++++++++++++++Route IPv6 info+++++++++++++++++++
[   13.914159] cloud-init[758]: ci-info: +-------+-------------+---------+-----------+-------+
[   13.916293] cloud-init[758]: ci-info: | Route | Destination | Gateway | Interface | Flags |
[   13.918401] cloud-init[758]: ci-info: +-------+-------------+---------+-----------+-------+
[   13.920554] cloud-init[758]: ci-info: |   1   |  fe80::/64  |    ::   |   enp0s3  |   U   |
[   13.922763] cloud-init[758]: ci-info: |   3   |    local    |    ::   |   enp0s3  |   U   |
[   13.924958] cloud-init[758]: ci-info: |   4   |   ff00::/8  |    ::   |   enp0s3  |   U   |
[   13.927110] cloud-init[758]: ci-info: +-------+-------------+---------+-----------+-------+
[   14.851302] cloud-init[758]: Generating public/private rsa key pair.
[   14.852679] cloud-init[758]: Your identification has been saved in /etc/ssh/ssh_host_rsa_key.
[   14.854402] cloud-init[758]: Your public key has been saved in /etc/ssh/ssh_host_rsa_key.pub.
[   14.855906] cloud-init[758]: The key fingerprint is:
[   14.857219] cloud-init[758]: SHA256:yhGW///9bHZB9H7llU6prWMNZXxUVGZgUeBD8yp26Is root@ubuntu-bionic
[   14.858930] cloud-init[758]: The key's randomart image is:
[   14.860233] cloud-init[758]: +---[RSA 2048]----+
[   14.861073] cloud-init[758]: |              B*X|
[   14.861950] cloud-init[758]: |       .     + *.|
[   14.862770] cloud-init[758]: |      +       =.=|
[   14.863633] cloud-init[758]: |     . o     . @=|
[   14.864523] cloud-init[758]: |      . S   + @o+|
[   14.865348] cloud-init[758]: |     . o . o = ++|
[   14.866225] cloud-init[758]: |      o   . . + o|
[   14.867107] cloud-init[758]: |           o = ++|
[   14.867959] cloud-init[758]: |          E +.oo*|
[   14.868822] cloud-init[758]: +----[SHA256]-----+
[   14.869701] cloud-init[758]: Generating public/private dsa key pair.
[   14.870819] cloud-init[758]: Your identification has been saved in /etc/ssh/ssh_host_dsa_key.
[   14.872311] cloud-init[758]: Your public key has been saved in /etc/ssh/ssh_host_dsa_key.pub.
[   14.873829] cloud-init[758]: The key fingerprint is:
[   14.874825] cloud-init[758]: SHA256:N3JRPNSB7KnC0S01RaTkl/hsTAYOOmO9l6FG0mpGAyo root@ubuntu-bionic
[   14.876346] cloud-init[758]: The key's randomart image is:
[   14.877344] cloud-init[758]: +---[DSA 1024]----+
[   14.878411] cloud-init[758]: |      .   .+=*=. |
[   14.879483] cloud-init[758]: |     . . + *B+.. |
[   14.880533] cloud-init[758]: |  E .   O.=+*+=  |
[   14.881516] cloud-init[758]: |   .   o.Bo++X   |
[   14.882425] cloud-init[758]: |       .S.Boo =  |
[   14.883318] cloud-init[758]: |       oo=.o .   |
[   14.884233] cloud-init[758]: |         .       |
[   14.885101] cloud-init[758]: |                 |
[   14.885978] cloud-init[758]: |                 |
[   14.886977] cloud-init[758]: +----[SHA256]-----+
[   14.887905] cloud-init[758]: Generating public/private ecdsa key pair.
[   14.889076] cloud-init[758]: Your identification has been saved in /etc/ssh/ssh_host_ecdsa_key.
[   14.890453] cloud-init[758]: Your public key has been saved in /etc/ssh/ssh_host_ecdsa_key.pub.
[   14.891898] cloud-init[758]: The key fingerprint is:
[   14.892711] cloud-init[758]: SHA256:OVdNePfNpEysW5+xTdUuoYUpkPT0drSI4zHOBGOuVGg root@ubuntu-bionic
[   14.894313] cloud-init[758]: The key's randomart image is:
[   14.895498] cloud-init[758]: +---[ECDSA 256]---+
[   14.896447] cloud-init[758]: |       oBo.  =o .|
[   14.897600] cloud-init[758]: |      E+.=.o+=*.=|
[   14.898759] cloud-init[758]: |     .. . B.=B+B+|
[   14.899886] cloud-init[758]: |     . . * *o.=.*|
[   14.936663] cloud-init[758]: |      . S =  o +=|
[   14.972458] cloud-init[758]: |         o  .  oo|
[   14.973445] cloud-init[758]: |                 |
[   14.974379] cloud-init[758]: |                 |
[   14.975273] cloud-init[758]: |                 |
[   14.976199] cloud-init[758]: +----[SHA256]-----+
[   14.977144] cloud-init[758]: Generating public/private ed25519 key pair.
[   14.978305] cloud-init[758]: Your identification has been saved in /etc/ssh/ssh_host_ed25519_key.
[   14.980301] cloud-init[758]: Your public key has been saved in /etc/ssh/ssh_host_ed25519_key.pub.
[   14.982353] cloud-init[758]: The key fingerprint is:
[   14.983719] cloud-init[758]: SHA256:QI7NVyQycRJC458M95PE69sRMZTywywXSEWBfOP/wew root@ubuntu-bionic
[   14.985809] cloud-init[758]: The key's randomart image is:
[   14.986982] cloud-init[758]: +--[ED25519 256]--+
[   14.988005] cloud-init[758]: |   .+ B=+*Bo     |
[   14.989135] cloud-init[758]: |   . O *=+=      |
[   14.990128] cloud-init[758]: |    + * +Boo     |
[   14.991112] cloud-init[758]: |     = *.oBo     |
[   14.992057] cloud-init[758]: |      + So.o o   |
[   14.993005] cloud-init[758]: |       . . .. +  |
[   14.993904] cloud-init[758]: |        . .  o . |
[   14.994802] cloud-init[758]: |         o .  E  |
[   14.995759] cloud-init[758]: |        . .      |
[   14.996690] cloud-init[758]: +----[SHA256]-----+
[[0;32m  OK  [0m] Started Initial cloud-init job (metadata service crawler).
[[0;32m  OK  [0m] Reached target System Initialization.
[[0;32m  OK  [0m] Listening on D-Bus System Message Bus Socket.
         Starting LXD - unix socket.
         Starting Socket activation for snappy daemon.
[[0;32m  OK  [0m] Started Discard unused blocks once a week.
[[0;32m  OK  [0m] Started Daily apt download activities.
[[0;32m  OK  [0m] Started Daily apt upgrade and clean activities.
[[0;32m  OK  [0m] Listening on Open-iSCSI iscsid Socket.
[[0;32m  OK  [0m] Started ACPI Events Check.
[[0;32m  OK  [0m] Reached target Paths.
[[0;32m  OK  [0m] Started Daily Cleanup of Temporary Directories.
[[0;32m  OK  [0m] Started Message of the Day.
[[0;32m  OK  [0m] Listening on cloud-init hotplug hook socket.
[[0;32m  OK  [0m] Listening on ACPID Listen Socket.
[[0;32m  OK  [0m] Started Ubuntu Advantage Timer for running repeated jobs.
[[0;32m  OK  [0m] Reached target Timers.
[[0;32m  OK  [0m] Listening on UUID daemon activation socket.
[[0;32m  OK  [0m] Reached target Cloud-config availability.
[[0;32m  OK  [0m] Reached target Network is Online.
[[0;32m  OK  [0m] Reached target Remote File Systems (Pre).
[[0;32m  OK  [0m] Reached target Remote File Systems.
         Starting Availability of block devices...
[[0;32m  OK  [0m] Listening on LXD - unix socket.
[[0;32m  OK  [0m] Listening on Socket activation for snappy daemon.
[[0;32m  OK  [0m] Started Availability of block devices.
[[0;32m  OK  [0m] Reached target Sockets.
[[0;32m  OK  [0m] Reached target Basic System.
         Starting Accounts Service...
         Starting System Logging Service...
         Starting Permit User Sessions...
         Starting Pollinate to seed the pseudo random number generator...
         Starting LSB: Record successful boot for GRUB...
         Starting Dispatcher daemon for systemd-networkd...
         Starting Snap Daemon...
[[0;32m  OK  [0m] Started irqbalance daemon.
         Starting Virtualbox guest utils...
[[0;32m  OK  [0m] Reached target Login Prompts (Pre).
[[0;32m  OK  [0m] Started Deferred execution scheduler.
[[0;32m  OK  [0m] Started D-Bus System Message Bus.
[[0;32m  OK  [0m] Started Regular background program processing daemon.
         Starting Login Service...
         Starting LSB: automatic crash report generation...
[[0;32m  OK  [0m] Started FUSE filesystem for LXC.
         Starting LXD - container startup/shutdown...
[[0;32m  OK  [0m] Started System Logging Service.
[[0;32m  OK  [0m] Started Permit User Sessions.
         Starting Hold until boot process finishes up...
         Starting Terminate Plymouth Boot Screen...
[[0;32m  OK  [0m] Started Hold until boot process finishes up.
[[0;32m  OK  [0m] Started Serial Getty on ttyS0.
         Starting Set console scheme...
[[0;32m  OK  [0m] Started Terminate Plymouth Boot Screen.
[[0;32m  OK  [0m] Started Set console scheme.
[[0;32m  OK  [0m] Started Login Service.
[[0;32m  OK  [0m] Started Unattended Upgrades Shutdown.
[[0;32m  OK  [0m] Created slice system-getty.slice.
[[0;32m  OK  [0m] Started Getty on tty1.
[[0;32m  OK  [0m] Reached target Login Prompts.
         Starting Authorization Manager...
[[0;32m  OK  [0m] Started LSB: Record successful boot for GRUB.
[[0;32m  OK  [0m] Started LSB: automatic crash report generation.
[[0;32m  OK  [0m] Started Authorization Manager.
[[0;32m  OK  [0m] Started Accounts Service.
[[0;32m  OK  [0m] Started LXD - container startup/shutdown.
[[0;32m  OK  [0m] Started Virtualbox guest utils.
[[0;32m  OK  [0m] Started Dispatcher daemon for systemd-networkd.
[[0;32m  OK  [0m] Started Snap Daemon.
         Starting Wait until snapd is fully seeded...
         Starting Time & Date Service...
[[0;32m  OK  [0m] Started Time & Date Service.
[[0;32m  OK  [0m] Started Pollinate to seed the pseudo random number generator.
         Starting OpenBSD Secure Shell server...
[[0;32m  OK  [0m] Started OpenBSD Secure Shell server.
[[0;32m  OK  [0m] Created slice User Slice of vagrant.
         Starting User Manager for UID 1000...
[[0;32m  OK  [0m] Started Session 1 of user vagrant.
[[0;32m  OK  [0m] Started User Manager for UID 1000.

Ubuntu 18.04.6 LTS ubuntu-bionic ttyS0

ubuntu-bionic login: [   22.344339] cloud-init[1425]: Cloud-init v. 23.1.1-0ubuntu0~18.04.1 running 'modules:config' at Mon, 27 Mar 2023 19:28:07 +0000. Up 21.71 seconds.
ci-info: no authorized SSH keys fingerprints found for user ubuntu.
<14>Mar 27 19:28:09 cloud-init: #############################################################
<14>Mar 27 19:28:09 cloud-init: -----BEGIN SSH HOST KEY FINGERPRINTS-----
<14>Mar 27 19:28:09 cloud-init: 1024 SHA256:N3JRPNSB7KnC0S01RaTkl/hsTAYOOmO9l6FG0mpGAyo root@ubuntu-bionic (DSA)
<14>Mar 27 19:28:09 cloud-init: 256 SHA256:OVdNePfNpEysW5+xTdUuoYUpkPT0drSI4zHOBGOuVGg root@ubuntu-bionic (ECDSA)
<14>Mar 27 19:28:09 cloud-init: 256 SHA256:QI7NVyQycRJC458M95PE69sRMZTywywXSEWBfOP/wew root@ubuntu-bionic (ED25519)
<14>Mar 27 19:28:09 cloud-init: 2048 SHA256:yhGW///9bHZB9H7llU6prWMNZXxUVGZgUeBD8yp26Is root@ubuntu-bionic (RSA)
<14>Mar 27 19:28:09 cloud-init: -----END SSH HOST KEY FINGERPRINTS-----
<14>Mar 27 19:28:09 cloud-init: #############################################################
-----BEGIN SSH HOST KEY KEYS-----
ecdsa-sha2-nistp256 AAAAE2VjZHNhLXNoYTItbmlzdHAyNTYAAAAIbmlzdHAyNTYAAABBBDE+K0qvL27SdbRs0STWBA2X8xSegkd/7v0E2xrB6dmqyfs5Ur+fwniPTXOuVuqhI4/uyBSBxL/AVOHt/C8ecmc= root@ubuntu-bionic
ssh-ed25519 AAAAC3NzaC1lZDI1NTE5AAAAICaqmiSTRmwuqM7vxMiAPKOlg6/6M/R/74IMaXQ/xMpq root@ubuntu-bionic
ssh-rsa AAAAB3NzaC1yc2EAAAADAQABAAABAQCs6+iACm229SURFXve+HredebPVftCuRkKTu7HVoSqmksh7j4S+/YFpQYbNmz81fYa1RpGu6F8iPRf8m/9MqDjMyS3KcmXk9e4HhOaiCxdDZkYd1R2hfMHTZbyD7PktB2o3RwEHuAg13S6q1/WhYnZc0gVHMT/ffgqj7dkktg7walhtnNB6FPrSxlRq2pLDpZPrzQibuzIWqd5iEKQqcIlczsENu2D8DibQnNOMHsaJuY/CQuKmHCLnvjF4GW8PdEgrOxkSaoyn8LvN3HZaj6ASyjmldwaqHPjuMP002U1DU7MDxXyKrRU+cnReJ//LTW49bmCZU0EZMUvJy7Z/H21 root@ubuntu-bionic
-----END SSH HOST KEY KEYS-----
[   23.634458] cloud-init[1564]: Cloud-init v. 23.1.1-0ubuntu0~18.04.1 running 'modules:final' at Mon, 27 Mar 2023 19:28:08 +0000. Up 23.32 seconds.
[   23.634602] cloud-init[1564]: Cloud-init v. 23.1.1-0ubuntu0~18.04.1 finished at Mon, 27 Mar 2023 19:28:09 +0000. Datasource DataSourceNoCloud [seed=/dev/sdb][dsmode=net].  Up 23.61 seconds
